{"level":"info","message":"API запущен на http://localhost:3000","timestamp":"2025-04-20 05:53:48"}
{"level":"error","message":"Bot launch error: 401: Bot Token is required","on":{},"response":{"description":"Bot Token is required","error_code":401},"stack":"Error: 401: Bot Token is required\n    at Telegram.callApi (C:\\Users\\USER\\Desktop\\goo\\hooks\\functions\\node_modules\\telegraf\\lib\\core\\network\\client.js:269:19)\n    at Telegram.getMe (C:\\Users\\USER\\Desktop\\goo\\hooks\\functions\\node_modules\\telegraf\\lib\\telegram.js:17:21)\n    at Telegraf.launch (C:\\Users\\USER\\Desktop\\goo\\hooks\\functions\\node_modules\\telegraf\\lib\\telegraf.js:182:98)\n    at Object.<anonymous> (C:\\Users\\USER\\Desktop\\goo\\hooks\\functions\\index.js:290:7)\n    at Module._compile (node:internal/modules/cjs/loader:1554:14)\n    at Object..js (node:internal/modules/cjs/loader:1706:10)\n    at Module.load (node:internal/modules/cjs/loader:1289:32)\n    at Function._load (node:internal/modules/cjs/loader:1108:12)\n    at TracingChannel.traceSync (node:diagnostics_channel:322:14)\n    at wrapModuleLoad (node:internal/modules/cjs/loader:220:24)","timestamp":"2025-04-20 05:53:48"}
{"level":"info","message":"HOST_URL=undefined, WEBHOOK_PATH=/bot","timestamp":"2025-04-22 00:09:35"}
{"level":"info","message":"Часовой автоспин запланирован на 22.04.2025, 01:00:00","timestamp":"2025-04-22 00:09:36"}
{"level":"info","message":"Server listening on 3000","timestamp":"2025-04-22 00:09:36"}
{"level":"error","message":"Bot launch error: 401: Bot Token is required","on":{},"response":{"description":"Bot Token is required","error_code":401},"stack":"Error: 401: Bot Token is required\n    at Telegram.callApi (C:\\Users\\USER\\Desktop\\goo\\hooks\\functions\\node_modules\\telegraf\\lib\\core\\network\\client.js:269:19)\n    at Telegram.getMe (C:\\Users\\USER\\Desktop\\goo\\hooks\\functions\\node_modules\\telegraf\\lib\\telegram.js:17:21)\n    at Telegraf.launch (C:\\Users\\USER\\Desktop\\goo\\hooks\\functions\\node_modules\\telegraf\\lib\\telegraf.js:182:98)\n    at Object.<anonymous> (C:\\Users\\USER\\Desktop\\goo\\hooks\\functions\\index.js:594:7)\n    at Module._compile (node:internal/modules/cjs/loader:1554:14)\n    at Object..js (node:internal/modules/cjs/loader:1706:10)\n    at Module.load (node:internal/modules/cjs/loader:1289:32)\n    at Function._load (node:internal/modules/cjs/loader:1108:12)\n    at TracingChannel.traceSync (node:diagnostics_channel:322:14)\n    at wrapModuleLoad (node:internal/modules/cjs/loader:220:24)","timestamp":"2025-04-22 00:09:36"}
{"level":"info","message":"HOST_URL=undefined, WEBHOOK_PATH=/bot","timestamp":"2025-04-22 00:09:47"}
{"level":"info","message":"HOST_URL=undefined, WEBHOOK_PATH=/bot","timestamp":"2025-04-22 20:43:11"}
{"level":"info","message":"HOST_URL=http://localhost:3000, WEBHOOK_PATH=/bot","timestamp":"2025-04-22 20:46:22"}
{"level":"info","message":"HOST_URL=http://localhost:3000, WEBHOOK_PATH=/bot","timestamp":"2025-04-22 20:50:29"}
{"level":"info","message":"HOST_URL=http://localhost:3000, WEBHOOK_PATH=/bot","timestamp":"2025-04-22 21:03:46"}
{"level":"info","message":"HOST_URL=http://localhost:3000, WEBHOOK_PATH=/bot","timestamp":"2025-04-22 21:13:06"}
{"level":"info","message":"Часовой автоспин запланирован на 22.04.2025, 22:00:00","timestamp":"2025-04-22 21:13:06"}
{"level":"info","message":"Server listening on 8080","timestamp":"2025-04-22 21:13:06"}
{"level":"info","message":"HOST_URL=http://localhost:3000, WEBHOOK_PATH=/bot","timestamp":"2025-04-22 21:24:28"}
{"level":"info","message":"Часовой автоспин запланирован на 22.04.2025, 22:00:00","timestamp":"2025-04-22 21:24:28"}
{"level":"info","message":"Server listening on 8080","timestamp":"2025-04-22 21:24:28"}
{"level":"error","message":"Bot launch error: 404: Not Found","on":{"method":"getMe","payload":{}},"response":{"description":"Not Found","error_code":404,"ok":false},"stack":"Error: 404: Not Found\n    at Telegram.callApi (C:\\Users\\USER\\Desktop\\goo\\hooks\\functions\\node_modules\\telegraf\\lib\\core\\network\\client.js:294:19)\n    at process.processTicksAndRejections (node:internal/process/task_queues:105:5)\n    at async Telegraf.launch (C:\\Users\\USER\\Desktop\\goo\\hooks\\functions\\node_modules\\telegraf\\lib\\telegraf.js:182:78)","timestamp":"2025-04-22 21:24:29"}
{"level":"info","message":"HOST_URL=http://localhost:3000, WEBHOOK_PATH=/bot","timestamp":"2025-04-22 21:31:42"}
{"level":"info","message":"Часовой автоспин запланирован на 22.04.2025, 22:00:00","timestamp":"2025-04-22 21:31:42"}
{"level":"info","message":"Server listening on 8080","timestamp":"2025-04-22 21:31:42"}
{"level":"info","message":"HOST_URL=http://localhost:3000, WEBHOOK_PATH=/bot","timestamp":"2025-04-22 21:39:08"}
{"level":"info","message":"Часовой автоспин запланирован на 22.04.2025, 22:00:00","timestamp":"2025-04-22 21:39:08"}
{"level":"info","message":"Server listening on 8080","timestamp":"2025-04-22 21:39:08"}
{"level":"info","message":"HOST_URL=http://localhost:3000, WEBHOOK_PATH=/bot","timestamp":"2025-04-22 21:39:50"}
{"level":"info","message":"Часовой автоспин запланирован на 22.04.2025, 22:00:00","timestamp":"2025-04-22 21:39:50"}
{"level":"info","message":"Server listening on 8080","timestamp":"2025-04-22 21:39:51"}
{"level":"error","message":"Bot launch error: 404: Not Found","on":{"method":"getMe","payload":{}},"response":{"description":"Not Found","error_code":404,"ok":false},"stack":"Error: 404: Not Found\n    at Telegram.callApi (C:\\Users\\USER\\Desktop\\goo\\hooks\\functions\\node_modules\\telegraf\\lib\\core\\network\\client.js:294:19)\n    at process.processTicksAndRejections (node:internal/process/task_queues:105:5)\n    at async Telegraf.launch (C:\\Users\\USER\\Desktop\\goo\\hooks\\functions\\node_modules\\telegraf\\lib\\telegraf.js:182:78)","timestamp":"2025-04-22 21:39:51"}
{"level":"info","message":"HOST_URL=http://localhost:3000, WEBHOOK_PATH=/bot","timestamp":"2025-04-22 21:40:15"}
{"level":"info","message":"Часовой автоспин запланирован на 22.04.2025, 22:00:00","timestamp":"2025-04-22 21:40:15"}
{"level":"info","message":"Server listening on 8080","timestamp":"2025-04-22 21:40:15"}
{"level":"error","message":"Bot launch error: 404: Not Found","on":{"method":"getMe","payload":{}},"response":{"description":"Not Found","error_code":404,"ok":false},"stack":"Error: 404: Not Found\n    at Telegram.callApi (C:\\Users\\USER\\Desktop\\goo\\hooks\\functions\\node_modules\\telegraf\\lib\\core\\network\\client.js:294:19)\n    at process.processTicksAndRejections (node:internal/process/task_queues:105:5)\n    at async Telegraf.launch (C:\\Users\\USER\\Desktop\\goo\\hooks\\functions\\node_modules\\telegraf\\lib\\telegraf.js:182:78)","timestamp":"2025-04-22 21:40:16"}
{"level":"info","message":"HOST_URL=http://localhost:3000, WEBHOOK_PATH=/bot","timestamp":"2025-04-22 21:40:27"}
{"level":"info","message":"Часовой автоспин запланирован на 22.04.2025, 22:00:00","timestamp":"2025-04-22 21:40:28"}
{"level":"info","message":"Server listening on 8080","timestamp":"2025-04-22 21:40:28"}
{"level":"error","message":"Bot launch error: 404: Not Found","on":{"method":"getMe","payload":{}},"response":{"description":"Not Found","error_code":404,"ok":false},"stack":"Error: 404: Not Found\n    at Telegram.callApi (C:\\Users\\USER\\Desktop\\goo\\hooks\\functions\\node_modules\\telegraf\\lib\\core\\network\\client.js:294:19)\n    at process.processTicksAndRejections (node:internal/process/task_queues:105:5)\n    at async Telegraf.launch (C:\\Users\\USER\\Desktop\\goo\\hooks\\functions\\node_modules\\telegraf\\lib\\telegraf.js:182:78)","timestamp":"2025-04-22 21:40:28"}
{"level":"info","message":"HOST_URL=http://localhost:3000, WEBHOOK_PATH=/bot","timestamp":"2025-04-22 21:41:24"}
{"level":"info","message":"Часовой автоспин запланирован на 22.04.2025, 22:00:00","timestamp":"2025-04-22 21:41:24"}
{"level":"info","message":"Server listening on 8080","timestamp":"2025-04-22 21:41:24"}
{"level":"error","message":"Bot launch error: 404: Not Found","on":{"method":"getMe","payload":{}},"response":{"description":"Not Found","error_code":404,"ok":false},"stack":"Error: 404: Not Found\n    at Telegram.callApi (C:\\Users\\USER\\Desktop\\goo\\hooks\\functions\\node_modules\\telegraf\\lib\\core\\network\\client.js:294:19)\n    at process.processTicksAndRejections (node:internal/process/task_queues:105:5)\n    at async Telegraf.launch (C:\\Users\\USER\\Desktop\\goo\\hooks\\functions\\node_modules\\telegraf\\lib\\telegraf.js:182:78)","timestamp":"2025-04-22 21:41:25"}
{"level":"info","message":"HOST_URL=http://localhost:3000, WEBHOOK_PATH=/bot","timestamp":"2025-04-22 21:45:25"}
{"level":"info","message":"Часовой автоспин запланирован на 22.04.2025, 22:00:00","timestamp":"2025-04-22 21:45:25"}
{"level":"info","message":"Server listening on 8080","timestamp":"2025-04-22 21:45:25"}
{"level":"error","message":"Bot launch error: 404: Not Found","on":{"method":"getMe","payload":{}},"response":{"description":"Not Found","error_code":404,"ok":false},"stack":"Error: 404: Not Found\n    at Telegram.callApi (C:\\Users\\USER\\Desktop\\goo\\hooks\\functions\\node_modules\\telegraf\\lib\\core\\network\\client.js:294:19)\n    at process.processTicksAndRejections (node:internal/process/task_queues:105:5)\n    at async Telegraf.launch (C:\\Users\\USER\\Desktop\\goo\\hooks\\functions\\node_modules\\telegraf\\lib\\telegraf.js:182:78)","timestamp":"2025-04-22 21:45:26"}
{"level":"info","message":"HOST_URL=http://localhost:3000, WEBHOOK_PATH=/bot","timestamp":"2025-04-22 22:10:40"}
{"level":"info","message":"Часовой автоспин запланирован на 22.04.2025, 23:00:00","timestamp":"2025-04-22 22:10:40"}
{"level":"info","message":"Server listening on 8080","timestamp":"2025-04-22 22:10:40"}
{"level":"error","message":"Bot launch error: 404: Not Found","on":{"method":"getMe","payload":{}},"response":{"description":"Not Found","error_code":404,"ok":false},"stack":"Error: 404: Not Found\n    at Telegram.callApi (C:\\Users\\USER\\Desktop\\goo\\hooks\\functions\\node_modules\\telegraf\\lib\\core\\network\\client.js:294:19)\n    at process.processTicksAndRejections (node:internal/process/task_queues:105:5)\n    at async Telegraf.launch (C:\\Users\\USER\\Desktop\\goo\\hooks\\functions\\node_modules\\telegraf\\lib\\telegraf.js:182:78)","timestamp":"2025-04-22 22:10:41"}
